<?xml version="1.0" encoding="UTF-8"?>
<!-- Generated by org.testng.reporters.JUnitXMLReporter -->
<testsuite hostname="DESKTOP-O3E0A86" ignored="0" name="Test" tests="5" failures="1" timestamp="2020-02-25T12:23:24 IST" time="60.86" errors="0">
  <testcase name="validateStoreBtn" time="0.111" classname="TestCases.CheckBoxValidation"/>
  <testcase name="validateBoxCutterBtn" time="0.169" classname="TestCases.CheckBoxValidation"/>
  <testcase name="getToolTip" time="0.199" classname="TestCases.MouseHoveringAndToolTip"/>
  <testcase name="getTitle" time="0.052" classname="TestCases.MouseHoveringAndToolTip"/>
  <testcase name="clickFAQ" time="4.385" classname="TestCases.MouseHoveringAndToolTip">
    <failure type="java.lang.AssertionError" message="expected [Frequently Asked Questions- Jobseeker – Naukri.com] but found [Genpact]">
      <![CDATA[java.lang.AssertionError: expected [Frequently Asked Questions- Jobseeker – Naukri.com] but found [Genpact]
at TestCases.MouseHoveringAndToolTip.clickFAQ(MouseHoveringAndToolTip.java:81)
at java.util.ArrayList.forEach(ArrayList.java:1257)
... Removed 32 stack frames]]>
    </failure>
  </testcase> <!-- clickFAQ -->
</testsuite> <!-- Test -->
