<?xml version="1.0" encoding="UTF-8"?>
<testng-results skipped="0" failed="0" ignored="0" total="2" passed="2">
  <reporter-output>
  </reporter-output>
  <suite name="Default suite" duration-ms="15331" started-at="2020-02-17T15:55:28Z" finished-at="2020-02-17T15:55:43Z">
    <groups>
    </groups>
    <test name="Default test" duration-ms="15331" started-at="2020-02-17T15:55:28Z" finished-at="2020-02-17T15:55:43Z">
      <class name="TestCases.CheckBoxValidation">
        <test-method status="PASS" signature="setUp()[pri:0, instance:TestCases.CheckBoxValidation@754ba872]" name="setUp" is-config="true" duration-ms="6403" started-at="2020-02-17T15:55:28Z" finished-at="2020-02-17T15:55:34Z">
          <reporter-output>
          </reporter-output>
        </test-method> <!-- setUp -->
        <test-method status="PASS" signature="validateStoreBtn()[pri:1, instance:TestCases.CheckBoxValidation@754ba872]" name="validateStoreBtn" duration-ms="200" started-at="2020-02-17T15:55:34Z" finished-at="2020-02-17T15:55:34Z">
          <reporter-output>
          </reporter-output>
        </test-method> <!-- validateStoreBtn -->
        <test-method status="PASS" signature="terminate()[pri:0, instance:TestCases.CheckBoxValidation@754ba872]" name="terminate" is-config="true" duration-ms="725" started-at="2020-02-17T15:55:34Z" finished-at="2020-02-17T15:55:35Z">
          <reporter-output>
          </reporter-output>
        </test-method> <!-- terminate -->
        <test-method status="PASS" signature="setUp()[pri:0, instance:TestCases.CheckBoxValidation@754ba872]" name="setUp" is-config="true" duration-ms="6809" started-at="2020-02-17T15:55:35Z" finished-at="2020-02-17T15:55:42Z">
          <reporter-output>
          </reporter-output>
        </test-method> <!-- setUp -->
        <test-method status="PASS" signature="validateBoxCutterBtn()[pri:2, instance:TestCases.CheckBoxValidation@754ba872]" name="validateBoxCutterBtn" duration-ms="198" started-at="2020-02-17T15:55:42Z" finished-at="2020-02-17T15:55:42Z">
          <reporter-output>
          </reporter-output>
        </test-method> <!-- validateBoxCutterBtn -->
        <test-method status="PASS" signature="terminate()[pri:0, instance:TestCases.CheckBoxValidation@754ba872]" name="terminate" is-config="true" duration-ms="961" started-at="2020-02-17T15:55:42Z" finished-at="2020-02-17T15:55:43Z">
          <reporter-output>
          </reporter-output>
        </test-method> <!-- terminate -->
      </class> <!-- TestCases.CheckBoxValidation -->
    </test> <!-- Default test -->
  </suite> <!-- Default suite -->
</testng-results>
